2025-11-30 00:10:10,773 - Numbers.AI - INFO - Starting stock analysis...
2025-11-30 00:10:10,774 - Numbers.AI - INFO - Analyzing AAPL (1/52)...
2025-11-30 00:10:11,728 - Numbers.AI - INFO - Analyzing MSFT (2/52)...
2025-11-30 00:10:12,368 - Numbers.AI - INFO - Analyzing AMZN (3/52)...
2025-11-30 00:10:12,950 - Numbers.AI - INFO - Analyzing GOOGL (4/52)...
2025-11-30 00:10:13,537 - Numbers.AI - INFO - Analyzing META (5/52)...
2025-11-30 00:10:14,148 - Numbers.AI - INFO - Analyzing TSLA (6/52)...
2025-11-30 00:10:14,840 - Numbers.AI - INFO - Analyzing NVDA (7/52)...
2025-11-30 00:10:15,449 - Numbers.AI - INFO - Analyzing JPM (8/52)...
2025-11-30 00:10:16,080 - Numbers.AI - INFO - Analyzing V (9/52)...
2025-11-30 00:10:16,684 - Numbers.AI - INFO - Analyzing MA (10/52)...
2025-11-30 00:10:17,313 - Numbers.AI - INFO - Analyzing PYPL (11/52)...
2025-11-30 00:10:17,918 - Numbers.AI - INFO - Analyzing DIS (12/52)...
2025-11-30 00:10:18,548 - Numbers.AI - INFO - Analyzing NFLX (13/52)...
2025-11-30 00:10:19,248 - Numbers.AI - INFO - Analyzing ADBE (14/52)...
2025-11-30 00:10:19,989 - Numbers.AI - INFO - Analyzing CRM (15/52)...
2025-11-30 00:10:20,602 - Numbers.AI - INFO - Analyzing INTC (16/52)...
2025-11-30 00:10:21,312 - Numbers.AI - INFO - Analyzing AMD (17/52)...
2025-11-30 00:10:21,916 - Numbers.AI - INFO - Analyzing NKE (18/52)...
2025-11-30 00:10:22,611 - Numbers.AI - INFO - Analyzing PEP (19/52)...
2025-11-30 00:10:23,323 - Numbers.AI - INFO - Analyzing KO (20/52)...
2025-11-30 00:10:23,984 - Numbers.AI - INFO - Analyzing WMT (21/52)...
2025-11-30 00:10:24,730 - Numbers.AI - INFO - Analyzing TGT (22/52)...
2025-11-30 00:10:25,315 - Numbers.AI - INFO - Analyzing HD (23/52)...
2025-11-30 00:10:25,906 - Numbers.AI - INFO - Analyzing LOW (24/52)...
2025-11-30 00:10:26,498 - Numbers.AI - INFO - Analyzing COST (25/52)...
2025-11-30 00:10:27,083 - Numbers.AI - INFO - Analyzing MCD (26/52)...
2025-11-30 00:10:27,692 - Numbers.AI - INFO - Analyzing SBUX (27/52)...
2025-11-30 00:10:28,312 - Numbers.AI - INFO - Analyzing BA (28/52)...
2025-11-30 00:10:28,967 - Numbers.AI - INFO - Analyzing CAT (29/52)...
2025-11-30 00:10:29,612 - Numbers.AI - INFO - Analyzing HON (30/52)...
2025-11-30 00:10:30,319 - Numbers.AI - INFO - Analyzing JNJ (31/52)...
2025-11-30 00:10:30,960 - Numbers.AI - INFO - Analyzing PFE (32/52)...
2025-11-30 00:10:31,622 - Numbers.AI - INFO - Analyzing MRK (33/52)...
2025-11-30 00:10:32,316 - Numbers.AI - INFO - Analyzing UNH (34/52)...
2025-11-30 00:10:33,011 - Numbers.AI - INFO - Analyzing VZ (35/52)...
2025-11-30 00:10:33,767 - Numbers.AI - INFO - Analyzing T (36/52)...
2025-11-30 00:10:34,502 - Numbers.AI - INFO - Analyzing TMUS (37/52)...
2025-11-30 00:10:35,198 - Numbers.AI - INFO - Analyzing NEE (38/52)...
2025-11-30 00:10:36,050 - Numbers.AI - INFO - Analyzing DUK (39/52)...
2025-11-30 00:10:36,739 - Numbers.AI - INFO - Analyzing SO (40/52)...
2025-11-30 00:10:37,483 - Numbers.AI - INFO - Analyzing XOM (41/52)...
2025-11-30 00:10:38,183 - Numbers.AI - INFO - Analyzing CVX (42/52)...
2025-11-30 00:10:38,848 - Numbers.AI - INFO - Analyzing COP (43/52)...
2025-11-30 00:10:39,471 - Numbers.AI - INFO - Analyzing BP (44/52)...
2025-11-30 00:10:40,156 - Numbers.AI - INFO - Analyzing TGT (45/52)...
2025-11-30 00:10:40,407 - Numbers.AI - INFO - Analyzing WMT (46/52)...
2025-11-30 00:10:40,667 - Numbers.AI - INFO - Analyzing COST (47/52)...
2025-11-30 00:10:40,890 - Numbers.AI - INFO - Analyzing PG (48/52)...
2025-11-30 00:10:41,525 - Numbers.AI - INFO - Analyzing KO (49/52)...
2025-11-30 00:10:41,760 - Numbers.AI - INFO - Analyzing PEP (50/52)...
2025-11-30 00:10:41,989 - Numbers.AI - INFO - Analyzing MCD (51/52)...
2025-11-30 00:10:42,215 - Numbers.AI - INFO - Analyzing SBUX (52/52)...
2025-11-30 00:10:42,430 - Numbers.AI - INFO - Analysis complete!
2025-11-30 00:10:42,430 - Numbers.AI - INFO - Report saved to stock_analysis_report_20251130_001042.md
2025-11-30 00:25:27,854 - Numbers.AI - INFO - Starting stock analysis...
2025-11-30 00:25:27,854 - Numbers.AI - INFO - Analyzing AAPL (1/211)...
2025-11-30 00:25:28,878 - Numbers.AI - INFO - Analyzing MSFT (2/211)...
2025-11-30 00:25:29,741 - Numbers.AI - INFO - Analyzing AMZN (3/211)...
2025-11-30 00:25:30,620 - Numbers.AI - INFO - Analyzing GOOGL (4/211)...
2025-11-30 00:25:31,502 - Numbers.AI - INFO - Analyzing META (5/211)...
2025-11-30 00:25:32,448 - Numbers.AI - INFO - Analyzing TSLA (6/211)...
2025-11-30 00:25:33,360 - Numbers.AI - INFO - Analyzing NVDA (7/211)...
2025-11-30 00:25:34,225 - Numbers.AI - INFO - Analyzing JPM (8/211)...
2025-11-30 00:25:35,191 - Numbers.AI - INFO - Analyzing V (9/211)...
2025-11-30 00:25:36,082 - Numbers.AI - INFO - Analyzing MA (10/211)...
2025-11-30 00:25:37,028 - Numbers.AI - INFO - Analyzing PYPL (11/211)...
2025-11-30 00:25:37,835 - Numbers.AI - INFO - Analyzing DIS (12/211)...
2025-11-30 00:25:38,701 - Numbers.AI - INFO - Analyzing NFLX (13/211)...
2025-11-30 00:25:39,656 - Numbers.AI - INFO - Analyzing ADBE (14/211)...
2025-11-30 00:25:40,507 - Numbers.AI - INFO - Analyzing CRM (15/211)...
2025-11-30 00:25:41,330 - Numbers.AI - INFO - Analyzing INTC (16/211)...
2025-11-30 00:25:42,203 - Numbers.AI - INFO - Analyzing AMD (17/211)...
2025-11-30 00:25:43,100 - Numbers.AI - INFO - Analyzing NKE (18/211)...
2025-11-30 00:25:43,941 - Numbers.AI - INFO - Analyzing PEP (19/211)...
2025-11-30 00:25:44,836 - Numbers.AI - INFO - Analyzing KO (20/211)...
2025-11-30 00:25:45,754 - Numbers.AI - INFO - Analyzing WMT (21/211)...
2025-11-30 00:25:46,564 - Numbers.AI - INFO - Analyzing TGT (22/211)...
2025-11-30 00:25:47,430 - Numbers.AI - INFO - Analyzing HD (23/211)...
2025-11-30 00:25:48,195 - Numbers.AI - INFO - Analyzing LOW (24/211)...
2025-11-30 00:25:49,054 - Numbers.AI - INFO - Analyzing COST (25/211)...
2025-11-30 00:25:49,875 - Numbers.AI - INFO - Analyzing MCD (26/211)...
2025-11-30 00:25:50,700 - Numbers.AI - INFO - Analyzing SBUX (27/211)...
2025-11-30 00:25:51,533 - Numbers.AI - INFO - Analyzing BA (28/211)...
2025-11-30 00:25:52,398 - Numbers.AI - INFO - Analyzing CAT (29/211)...
2025-11-30 00:25:53,265 - Numbers.AI - INFO - Analyzing HON (30/211)...
2025-11-30 00:25:54,092 - Numbers.AI - INFO - Analyzing JNJ (31/211)...
2025-11-30 00:25:54,928 - Numbers.AI - INFO - Analyzing PFE (32/211)...
2025-11-30 00:25:55,785 - Numbers.AI - INFO - Analyzing MRK (33/211)...
2025-11-30 00:25:56,713 - Numbers.AI - INFO - Analyzing UNH (34/211)...
2025-11-30 00:25:57,553 - Numbers.AI - INFO - Analyzing VZ (35/211)...
2025-11-30 00:25:58,299 - Numbers.AI - INFO - Analyzing T (36/211)...
2025-11-30 00:25:59,163 - Numbers.AI - INFO - Analyzing TMUS (37/211)...
2025-11-30 00:25:59,999 - Numbers.AI - INFO - Analyzing NEE (38/211)...
2025-11-30 00:26:00,804 - Numbers.AI - INFO - Analyzing DUK (39/211)...
2025-11-30 00:26:01,668 - Numbers.AI - INFO - Analyzing SO (40/211)...
2025-11-30 00:26:02,540 - Numbers.AI - INFO - Analyzing XOM (41/211)...
2025-11-30 00:26:03,403 - Numbers.AI - INFO - Analyzing CVX (42/211)...
2025-11-30 00:26:04,315 - Numbers.AI - INFO - Analyzing COP (43/211)...
2025-11-30 00:26:05,122 - Numbers.AI - INFO - Analyzing BP (44/211)...
2025-11-30 00:26:06,150 - Numbers.AI - INFO - Analyzing PG (45/211)...
2025-11-30 00:26:07,078 - Numbers.AI - INFO - Analyzing ABBV (46/211)...
2025-11-30 00:26:08,030 - Numbers.AI - INFO - Analyzing ABT (47/211)...
2025-11-30 00:26:08,924 - Numbers.AI - INFO - Analyzing ACN (48/211)...
2025-11-30 00:26:09,845 - Numbers.AI - INFO - Analyzing ADP (49/211)...
2025-11-30 00:26:10,639 - Numbers.AI - INFO - Analyzing AIG (50/211)...
2025-11-30 00:26:11,519 - Numbers.AI - INFO - Analyzing ALL (51/211)...
2025-11-30 00:26:12,426 - Numbers.AI - INFO - Analyzing AMAT (52/211)...
2025-11-30 00:26:13,345 - Numbers.AI - INFO - Analyzing AMGN (53/211)...
2025-11-30 00:26:14,175 - Numbers.AI - INFO - Analyzing AMT (54/211)...
2025-11-30 00:26:15,076 - Numbers.AI - INFO - Analyzing AVGO (55/211)...
2025-11-30 00:26:16,020 - Numbers.AI - INFO - Analyzing AXP (56/211)...
2025-11-30 00:26:16,904 - Numbers.AI - INFO - Analyzing BAC (57/211)...
2025-11-30 00:26:17,880 - Numbers.AI - INFO - Analyzing BBY (58/211)...
2025-11-30 00:26:18,710 - Numbers.AI - INFO - Analyzing BIIB (59/211)...
2025-11-30 00:26:19,626 - Numbers.AI - INFO - Analyzing BK (60/211)...
2025-11-30 00:26:20,585 - Numbers.AI - INFO - Analyzing BKNG (61/211)...
2025-11-30 00:26:21,432 - Numbers.AI - INFO - Analyzing BLK (62/211)...
2025-11-30 00:26:22,237 - Numbers.AI - INFO - Analyzing BMY (63/211)...
2025-11-30 00:26:23,231 - Numbers.AI - INFO - Analyzing C (64/211)...
2025-11-30 00:26:24,078 - Numbers.AI - INFO - Analyzing CHTR (65/211)...
2025-11-30 00:26:24,845 - Numbers.AI - INFO - Analyzing CL (66/211)...
2025-11-30 00:26:25,732 - Numbers.AI - INFO - Analyzing CMCSA (67/211)...
2025-11-30 00:26:26,726 - Numbers.AI - INFO - Analyzing COF (68/211)...
2025-11-30 00:26:27,515 - Numbers.AI - INFO - Analyzing CSCO (69/211)...
2025-11-30 00:26:28,337 - Numbers.AI - INFO - Analyzing CVS (70/211)...
2025-11-30 00:26:29,175 - Numbers.AI - INFO - Analyzing DHR (71/211)...
2025-11-30 00:26:30,143 - Numbers.AI - INFO - Analyzing DOW (72/211)...
2025-11-30 00:26:31,182 - Numbers.AI - INFO - Analyzing EMR (73/211)...
2025-11-30 00:26:32,048 - Numbers.AI - INFO - Analyzing EXC (74/211)...
2025-11-30 00:26:32,906 - Numbers.AI - INFO - Analyzing F (75/211)...
2025-11-30 00:26:33,871 - Numbers.AI - INFO - Analyzing FDX (76/211)...
2025-11-30 00:32:46,750 - Numbers.AI - INFO - Starting stock analysis...
2025-11-30 00:32:46,750 - Numbers.AI - INFO - Analyzing AAPL (1/211)...
2025-11-30 00:32:47,806 - Numbers.AI - INFO - Analyzing MSFT (2/211)...
2025-11-30 00:32:48,698 - Numbers.AI - INFO - Analyzing AMZN (3/211)...
2025-11-30 00:32:49,565 - Numbers.AI - INFO - Analyzing GOOGL (4/211)...
2025-11-30 00:32:50,404 - Numbers.AI - INFO - Analyzing META (5/211)...
2025-11-30 00:32:51,198 - Numbers.AI - INFO - Analyzing TSLA (6/211)...
2025-11-30 00:32:52,219 - Numbers.AI - INFO - Analyzing NVDA (7/211)...
2025-11-30 00:32:53,093 - Numbers.AI - INFO - Analyzing JPM (8/211)...
2025-11-30 00:32:53,903 - Numbers.AI - INFO - Analyzing V (9/211)...
2025-11-30 00:32:54,846 - Numbers.AI - INFO - Analyzing MA (10/211)...
2025-11-30 00:32:55,737 - Numbers.AI - INFO - Analyzing PYPL (11/211)...
2025-11-30 00:32:56,610 - Numbers.AI - INFO - Analyzing DIS (12/211)...
2025-11-30 00:32:57,441 - Numbers.AI - INFO - Analyzing NFLX (13/211)...
2025-11-30 00:32:58,254 - Numbers.AI - INFO - Analyzing ADBE (14/211)...
2025-11-30 00:32:58,974 - Numbers.AI - INFO - Analyzing CRM (15/211)...
2025-11-30 00:32:59,767 - Numbers.AI - INFO - Analyzing INTC (16/211)...
2025-11-30 00:33:00,642 - Numbers.AI - INFO - Analyzing AMD (17/211)...
2025-11-30 00:33:01,612 - Numbers.AI - INFO - Analyzing NKE (18/211)...
2025-11-30 00:33:02,411 - Numbers.AI - INFO - Analyzing PEP (19/211)...
2025-11-30 00:33:03,340 - Numbers.AI - INFO - Analyzing KO (20/211)...
2025-11-30 00:33:04,297 - Numbers.AI - INFO - Analyzing WMT (21/211)...
2025-11-30 00:33:05,068 - Numbers.AI - INFO - Analyzing TGT (22/211)...
2025-11-30 00:33:05,923 - Numbers.AI - INFO - Analyzing HD (23/211)...
2025-11-30 00:33:06,807 - Numbers.AI - INFO - Analyzing LOW (24/211)...
2025-11-30 00:33:07,715 - Numbers.AI - INFO - Analyzing COST (25/211)...
2025-11-30 00:33:08,569 - Numbers.AI - INFO - Analyzing MCD (26/211)...
2025-11-30 00:33:09,394 - Numbers.AI - INFO - Analyzing SBUX (27/211)...
2025-11-30 00:33:10,231 - Numbers.AI - INFO - Analyzing BA (28/211)...
2025-11-30 00:33:11,178 - Numbers.AI - INFO - Analyzing CAT (29/211)...
2025-11-30 00:33:11,991 - Numbers.AI - INFO - Analyzing HON (30/211)...
2025-11-30 00:33:12,877 - Numbers.AI - INFO - Analyzing JNJ (31/211)...
2025-11-30 00:33:13,783 - Numbers.AI - INFO - Analyzing PFE (32/211)...
2025-11-30 00:33:14,616 - Numbers.AI - INFO - Analyzing MRK (33/211)...
2025-11-30 00:33:15,493 - Numbers.AI - INFO - Analyzing UNH (34/211)...
2025-11-30 00:33:16,362 - Numbers.AI - INFO - Analyzing VZ (35/211)...
2025-11-30 00:33:17,335 - Numbers.AI - INFO - Analyzing T (36/211)...
2025-11-30 00:33:18,280 - Numbers.AI - INFO - Analyzing TMUS (37/211)...
2025-11-30 00:33:19,151 - Numbers.AI - INFO - Analyzing NEE (38/211)...
2025-11-30 00:33:19,927 - Numbers.AI - INFO - Analyzing DUK (39/211)...
2025-11-30 00:33:20,793 - Numbers.AI - INFO - Analyzing SO (40/211)...
2025-11-30 00:33:21,614 - Numbers.AI - INFO - Analyzing XOM (41/211)...
2025-11-30 00:33:22,472 - Numbers.AI - INFO - Analyzing CVX (42/211)...
2025-11-30 00:33:23,374 - Numbers.AI - INFO - Analyzing COP (43/211)...
2025-11-30 00:33:24,137 - Numbers.AI - INFO - Analyzing BP (44/211)...
2025-11-30 00:33:24,977 - Numbers.AI - INFO - Analyzing PG (45/211)...
2025-11-30 00:33:25,811 - Numbers.AI - INFO - Analyzing ABBV (46/211)...
2025-11-30 00:33:26,632 - Numbers.AI - INFO - Analyzing ABT (47/211)...
2025-11-30 00:33:27,421 - Numbers.AI - INFO - Analyzing ACN (48/211)...
2025-11-30 00:33:28,298 - Numbers.AI - INFO - Analyzing ADP (49/211)...
2025-11-30 00:33:29,148 - Numbers.AI - INFO - Analyzing AIG (50/211)...
2025-11-30 00:33:30,032 - Numbers.AI - INFO - Analyzing ALL (51/211)...
2025-11-30 00:33:30,844 - Numbers.AI - INFO - Analyzing AMAT (52/211)...
2025-11-30 00:33:31,705 - Numbers.AI - INFO - Analyzing AMGN (53/211)...
2025-11-30 00:33:32,514 - Numbers.AI - INFO - Analyzing AMT (54/211)...
2025-11-30 00:33:33,350 - Numbers.AI - INFO - Analyzing AVGO (55/211)...
2025-11-30 00:33:34,209 - Numbers.AI - INFO - Analyzing AXP (56/211)...
2025-11-30 00:33:35,097 - Numbers.AI - INFO - Analyzing BAC (57/211)...
2025-11-30 00:33:36,005 - Numbers.AI - INFO - Analyzing BBY (58/211)...
2025-11-30 00:33:36,843 - Numbers.AI - INFO - Analyzing BIIB (59/211)...
2025-11-30 00:33:37,803 - Numbers.AI - INFO - Analyzing BK (60/211)...
2025-11-30 00:33:38,581 - Numbers.AI - INFO - Analyzing BKNG (61/211)...
2025-11-30 00:33:39,340 - Numbers.AI - INFO - Analyzing BLK (62/211)...
2025-11-30 00:33:40,109 - Numbers.AI - INFO - Analyzing BMY (63/211)...
2025-11-30 00:33:41,046 - Numbers.AI - INFO - Analyzing C (64/211)...
2025-11-30 00:33:41,984 - Numbers.AI - INFO - Analyzing CHTR (65/211)...
2025-11-30 00:33:42,776 - Numbers.AI - INFO - Analyzing CL (66/211)...
2025-11-30 00:33:43,694 - Numbers.AI - INFO - Analyzing CMCSA (67/211)...
2025-11-30 00:33:44,479 - Numbers.AI - INFO - Analyzing COF (68/211)...
2025-11-30 00:33:45,279 - Numbers.AI - INFO - Analyzing CSCO (69/211)...
2025-11-30 00:33:46,153 - Numbers.AI - INFO - Analyzing CVS (70/211)...
2025-11-30 00:33:46,903 - Numbers.AI - INFO - Analyzing DHR (71/211)...
2025-11-30 00:33:47,757 - Numbers.AI - INFO - Analyzing DOW (72/211)...
2025-11-30 00:33:48,640 - Numbers.AI - INFO - Analyzing EMR (73/211)...
2025-11-30 00:33:49,518 - Numbers.AI - INFO - Analyzing EXC (74/211)...
2025-11-30 00:33:50,833 - Numbers.AI - INFO - Analyzing F (75/211)...
2025-11-30 00:33:51,611 - Numbers.AI - INFO - Analyzing FDX (76/211)...
2025-11-30 00:33:53,278 - Numbers.AI - INFO - Analyzing GD (77/211)...
2025-11-30 00:33:54,157 - Numbers.AI - INFO - Analyzing GE (78/211)...
2025-11-30 00:33:55,033 - Numbers.AI - INFO - Analyzing GILD (79/211)...
2025-11-30 00:33:55,839 - Numbers.AI - INFO - Analyzing GM (80/211)...
2025-11-30 00:33:56,658 - Numbers.AI - INFO - Analyzing GOOG (81/211)...
2025-11-30 00:33:57,554 - Numbers.AI - INFO - Analyzing GS (82/211)...
2025-11-30 00:33:58,499 - Numbers.AI - INFO - Analyzing HAL (83/211)...
2025-11-30 00:33:59,283 - Numbers.AI - INFO - Analyzing IBM (84/211)...
2025-11-30 00:34:00,141 - Numbers.AI - INFO - Analyzing INTU (85/211)...
2025-11-30 00:34:01,835 - Numbers.AI - INFO - Analyzing SPY (86/211)...
2025-11-30 00:34:03,478 - Numbers.AI - INFO - Analyzing IVV (87/211)...
2025-11-30 00:34:05,051 - Numbers.AI - INFO - Analyzing VOO (88/211)...
2025-11-30 00:34:05,833 - Numbers.AI - INFO - Analyzing VTI (89/211)...
2025-11-30 00:34:07,443 - Numbers.AI - INFO - Analyzing ITOT (90/211)...
2025-11-30 00:34:09,199 - Numbers.AI - INFO - Analyzing SCHB (91/211)...
2025-11-30 00:34:09,983 - Numbers.AI - INFO - Analyzing IWB (92/211)...
2025-11-30 00:34:11,549 - Numbers.AI - INFO - Analyzing SPLG (93/211)...
2025-11-30 00:34:12,319 - Numbers.AI - INFO - Analyzing SCHA (94/211)...
2025-11-30 00:34:13,176 - Numbers.AI - INFO - Analyzing SCHX (95/211)...
2025-11-30 00:34:14,108 - Numbers.AI - INFO - Analyzing QQQ (96/211)...
2025-11-30 00:34:15,686 - Numbers.AI - INFO - Analyzing XLK (97/211)...
2025-11-30 00:34:17,263 - Numbers.AI - INFO - Analyzing VGT (98/211)...
2025-11-30 00:34:18,062 - Numbers.AI - INFO - Analyzing FTEC (99/211)...
2025-11-30 00:34:18,978 - Numbers.AI - INFO - Analyzing IGV (100/211)...
2025-11-30 00:34:20,556 - Numbers.AI - INFO - Analyzing SOXX (101/211)...
2025-11-30 00:34:22,008 - Numbers.AI - INFO - Analyzing SMH (102/211)...
2025-11-30 00:34:23,469 - Numbers.AI - INFO - Analyzing ARKK (103/211)...
2025-11-30 00:34:24,262 - Numbers.AI - INFO - Analyzing ARKW (104/211)...
2025-11-30 00:34:25,047 - Numbers.AI - INFO - Analyzing ARKF (105/211)...
2025-11-30 00:34:25,909 - Numbers.AI - INFO - Analyzing VYM (106/211)...
2025-11-30 00:34:26,728 - Numbers.AI - INFO - Analyzing SCHD (107/211)...
2025-11-30 00:34:27,603 - Numbers.AI - INFO - Analyzing VIG (108/211)...
2025-11-30 00:34:28,471 - Numbers.AI - INFO - Analyzing NOBL (109/211)...
2025-11-30 00:34:29,236 - Numbers.AI - INFO - Analyzing HDV (110/211)...
2025-11-30 00:34:29,975 - Numbers.AI - INFO - Analyzing SPHD (111/211)...
2025-11-30 00:34:30,791 - Numbers.AI - INFO - Analyzing DGRO (112/211)...
2025-11-30 00:34:31,530 - Numbers.AI - INFO - Analyzing SDY (113/211)...
2025-11-30 00:34:32,307 - Numbers.AI - INFO - Analyzing VTV (114/211)...
2025-11-30 00:34:33,937 - Numbers.AI - INFO - Analyzing IWD (115/211)...
2025-11-30 00:34:35,418 - Numbers.AI - INFO - Analyzing VUG (116/211)...
2025-11-30 00:34:36,916 - Numbers.AI - INFO - Analyzing IWF (117/211)...
2025-11-30 00:34:38,578 - Numbers.AI - INFO - Analyzing SCHG (118/211)...
2025-11-30 00:34:39,307 - Numbers.AI - INFO - Analyzing VOT (119/211)...
2025-11-30 00:34:39,980 - Numbers.AI - INFO - Analyzing VBK (120/211)...
2025-11-30 00:34:41,458 - Numbers.AI - INFO - Analyzing IWO (121/211)...
2025-11-30 00:34:42,967 - Numbers.AI - INFO - Analyzing IWV (122/211)...
2025-11-30 00:34:44,484 - Numbers.AI - INFO - Analyzing VXF (123/211)...
2025-11-30 00:34:46,065 - Numbers.AI - INFO - Analyzing VB (124/211)...
2025-11-30 00:34:47,542 - Numbers.AI - INFO - Analyzing VO (125/211)...
2025-11-30 00:34:49,142 - Numbers.AI - INFO - Analyzing XLF (126/211)...
2025-11-30 00:34:50,705 - Numbers.AI - INFO - Analyzing XLE (127/211)...
2025-11-30 00:34:52,228 - Numbers.AI - INFO - Analyzing XLV (128/211)...
2025-11-30 00:34:53,783 - Numbers.AI - INFO - Analyzing XLI (129/211)...
2025-11-30 00:34:55,269 - Numbers.AI - INFO - Analyzing XLY (130/211)...
2025-11-30 00:34:56,755 - Numbers.AI - INFO - Analyzing XLP (131/211)...
2025-11-30 00:34:58,285 - Numbers.AI - INFO - Analyzing XLB (132/211)...
2025-11-30 00:34:59,884 - Numbers.AI - INFO - Analyzing XLRE (133/211)...
2025-11-30 00:35:00,707 - Numbers.AI - INFO - Analyzing XLU (134/211)...
2025-11-30 00:35:02,227 - Numbers.AI - INFO - Analyzing XBI (135/211)...
2025-11-30 00:35:03,038 - Numbers.AI - INFO - Analyzing IBB (136/211)...
2025-11-30 00:35:04,569 - Numbers.AI - INFO - Analyzing XLC (137/211)...
2025-11-30 00:35:05,290 - Numbers.AI - INFO - Analyzing XOP (138/211)...
2025-11-30 00:35:06,841 - Numbers.AI - INFO - Analyzing KRE (139/211)...
2025-11-30 00:35:07,690 - Numbers.AI - INFO - Analyzing KBE (140/211)...
2025-11-30 00:35:08,484 - Numbers.AI - INFO - Analyzing XRT (141/211)...
2025-11-30 00:35:10,013 - Numbers.AI - INFO - Analyzing XHB (142/211)...
2025-11-30 00:35:10,755 - Numbers.AI - INFO - Analyzing XME (143/211)...
2025-11-30 00:35:12,419 - Numbers.AI - INFO - Analyzing XPH (144/211)...
2025-11-30 00:35:13,184 - Numbers.AI - INFO - Analyzing XSW (145/211)...
2025-11-30 00:35:13,960 - Numbers.AI - INFO - Analyzing VEA (146/211)...
2025-11-30 00:35:14,788 - Numbers.AI - INFO - Analyzing VXUS (147/211)...
2025-11-30 00:35:15,635 - Numbers.AI - INFO - Analyzing IXUS (148/211)...
2025-11-30 00:35:16,636 - Numbers.AI - INFO - Analyzing VEU (149/211)...
2025-11-30 00:35:18,141 - Numbers.AI - INFO - Analyzing EFA (150/211)...
2025-11-30 00:35:19,761 - Numbers.AI - INFO - Analyzing IEFA (151/211)...
2025-11-30 00:35:20,545 - Numbers.AI - INFO - Analyzing SCHF (152/211)...
2025-11-30 00:35:21,232 - Numbers.AI - INFO - Analyzing SCZ (153/211)...
2025-11-30 00:35:22,135 - Numbers.AI - INFO - Analyzing VWO (154/211)...
2025-11-30 00:35:23,699 - Numbers.AI - INFO - Analyzing IEMG (155/211)...
2025-11-30 00:35:25,186 - Numbers.AI - INFO - Analyzing EEM (156/211)...
2025-11-30 00:35:26,818 - Numbers.AI - INFO - Analyzing VSS (157/211)...
2025-11-30 00:35:27,595 - Numbers.AI - INFO - Analyzing SCHC (158/211)...
2025-11-30 00:35:28,484 - Numbers.AI - INFO - Analyzing AVDV (159/211)...
2025-11-30 00:35:29,382 - Numbers.AI - INFO - Analyzing DLS (160/211)...
2025-11-30 00:35:30,215 - Numbers.AI - INFO - Analyzing DFJ (161/211)...
2025-11-30 00:35:31,120 - Numbers.AI - INFO - Analyzing FNDF (162/211)...
2025-11-30 00:35:31,942 - Numbers.AI - INFO - Analyzing FNDE (163/211)...
2025-11-30 00:35:32,722 - Numbers.AI - INFO - Analyzing FNDC (164/211)...
2025-11-30 00:35:33,456 - Numbers.AI - INFO - Analyzing BND (165/211)...
2025-11-30 00:35:34,254 - Numbers.AI - INFO - Analyzing AGG (166/211)...
2025-11-30 00:35:35,766 - Numbers.AI - INFO - Analyzing BNDX (167/211)...
2025-11-30 00:35:36,493 - Numbers.AI - INFO - Analyzing MUB (168/211)...
2025-11-30 00:35:37,245 - Numbers.AI - INFO - Analyzing HYG (169/211)...
2025-11-30 00:35:38,841 - Numbers.AI - INFO - Analyzing JNK (170/211)...
2025-11-30 00:35:40,496 - Numbers.AI - INFO - Analyzing LQD (171/211)...
2025-11-30 00:35:42,107 - Numbers.AI - INFO - Analyzing VCIT (172/211)...
2025-11-30 00:35:42,869 - Numbers.AI - INFO - Analyzing VCSH (173/211)...
2025-11-30 00:35:43,648 - Numbers.AI - INFO - Analyzing BIL (174/211)...
2025-11-30 00:35:44,390 - Numbers.AI - INFO - Analyzing SHY (175/211)...
2025-11-30 00:35:45,917 - Numbers.AI - INFO - Analyzing IEI (176/211)...
2025-11-30 00:35:46,710 - Numbers.AI - INFO - Analyzing IEF (177/211)...
2025-11-30 00:35:48,299 - Numbers.AI - INFO - Analyzing TLT (178/211)...
2025-11-30 00:35:49,987 - Numbers.AI - INFO - Analyzing TLH (179/211)...
2025-11-30 00:35:50,899 - Numbers.AI - INFO - Analyzing EDV (180/211)...
2025-11-30 00:35:51,678 - Numbers.AI - INFO - Analyzing MBB (181/211)...
2025-11-30 00:35:52,456 - Numbers.AI - INFO - Analyzing VMBS (182/211)...
2025-11-30 00:35:53,293 - Numbers.AI - INFO - Analyzing BIV (183/211)...
2025-11-30 00:35:54,138 - Numbers.AI - INFO - Analyzing BSV (184/211)...
2025-11-30 00:35:54,970 - Numbers.AI - INFO - Analyzing GLD (185/211)...
2025-11-30 00:35:56,457 - Numbers.AI - INFO - Analyzing IAU (186/211)...
2025-11-30 00:35:58,001 - Numbers.AI - INFO - Analyzing SLV (187/211)...
2025-11-30 00:35:59,832 - Numbers.AI - INFO - Analyzing USO (188/211)...
2025-11-30 00:36:00,776 - yfinance - ERROR - Failed to get ticker 'USO' reason: Failed to perform, curl: (23) Failure writing output to destination, passed 13 returned 0. See https://curl.se/libcurl/c/libcurl-errors.html first for more details.
2025-11-30 00:36:01,491 - Numbers.AI - INFO - Analyzing UNG (189/211)...
2025-11-30 00:36:02,285 - Numbers.AI - INFO - Analyzing DBA (190/211)...
2025-11-30 00:36:03,060 - Numbers.AI - INFO - Analyzing DBC (191/211)...
2025-11-30 00:36:04,668 - Numbers.AI - INFO - Analyzing PDBC (192/211)...
2025-11-30 00:36:05,474 - Numbers.AI - INFO - Analyzing GLDM (193/211)...
2025-11-30 00:36:06,307 - Numbers.AI - INFO - Analyzing SGOL (194/211)...
2025-11-30 00:36:07,083 - Numbers.AI - INFO - Analyzing ARKQ (195/211)...
2025-11-30 00:36:07,855 - Numbers.AI - INFO - Analyzing ARKG (196/211)...
2025-11-30 00:36:08,717 - Numbers.AI - INFO - Analyzing BLOK (197/211)...
2025-11-30 00:36:09,595 - Numbers.AI - INFO - Analyzing BOTZ (198/211)...
2025-11-30 00:36:10,496 - Numbers.AI - INFO - Analyzing ROBO (199/211)...
2025-11-30 00:36:12,096 - Numbers.AI - INFO - Analyzing LIT (200/211)...
2025-11-30 00:36:12,882 - Numbers.AI - INFO - Analyzing ICLN (201/211)...
2025-11-30 00:36:13,628 - Numbers.AI - INFO - Analyzing TAN (202/211)...
2025-11-30 00:36:14,411 - Numbers.AI - INFO - Analyzing PBW (203/211)...
2025-11-30 00:36:15,169 - Numbers.AI - INFO - Analyzing QCLN (204/211)...
2025-11-30 00:36:15,996 - Numbers.AI - INFO - Analyzing FAN (205/211)...
2025-11-30 00:36:16,819 - Numbers.AI - INFO - Analyzing ACES (206/211)...
2025-11-30 00:36:17,599 - Numbers.AI - INFO - Analyzing CNRG (207/211)...
2025-11-30 00:36:18,395 - Numbers.AI - INFO - Analyzing SNSR (208/211)...
2025-11-30 00:36:19,225 - Numbers.AI - INFO - Analyzing IBUY (209/211)...
2025-11-30 00:36:20,015 - Numbers.AI - INFO - Analyzing XAR (210/211)...
2025-11-30 00:36:20,747 - Numbers.AI - INFO - Analyzing ITA (211/211)...
2025-11-30 00:36:21,608 - Numbers.AI - ERROR - Error saving report for INTU: Unknown format code 'B' for object of type 'float'
2025-11-30 00:36:21,608 - Numbers.AI - ERROR - Error saving report for SPY: Unknown format code 'B' for object of type 'float'
2025-11-30 00:36:21,608 - Numbers.AI - ERROR - Error saving report for IVV: Unknown format code 'B' for object of type 'float'
2025-11-30 00:36:21,609 - Numbers.AI - ERROR - Error saving report for VTI: Unknown format code 'B' for object of type 'float'
2025-11-30 00:36:21,609 - Numbers.AI - ERROR - Error saving report for ITOT: Unknown format code 'B' for object of type 'float'
2025-11-30 00:36:21,609 - Numbers.AI - INFO - Analysis complete!
